2025-03-14 21:16:52,131 INFO o.a.j.u.JMeterUtils: Setting Locale to en_EN
2025-03-14 21:16:52,143 INFO o.a.j.JMeter: Loading user properties from: /opt/homebrew/Cellar/jmeter/5.6.3/libexec/bin/user.properties
2025-03-14 21:16:52,144 INFO o.a.j.JMeter: Loading system properties from: /opt/homebrew/Cellar/jmeter/5.6.3/libexec/bin/system.properties
2025-03-14 21:16:52,147 INFO o.a.j.JMeter: Copyright (c) 1998-2024 The Apache Software Foundation
2025-03-14 21:16:52,147 INFO o.a.j.JMeter: Version 5.6.3
2025-03-14 21:16:52,147 INFO o.a.j.JMeter: java.version=21.0.6
2025-03-14 21:16:52,147 INFO o.a.j.JMeter: java.vm.name=OpenJDK 64-Bit Server VM
2025-03-14 21:16:52,147 INFO o.a.j.JMeter: os.name=Mac OS X
2025-03-14 21:16:52,147 INFO o.a.j.JMeter: os.arch=aarch64
2025-03-14 21:16:52,147 INFO o.a.j.JMeter: os.version=13.0
2025-03-14 21:16:52,147 INFO o.a.j.JMeter: file.encoding=UTF-8
2025-03-14 21:16:52,147 INFO o.a.j.JMeter: java.awt.headless=true
2025-03-14 21:16:52,147 INFO o.a.j.JMeter: Max memory     =1073741824
2025-03-14 21:16:52,147 INFO o.a.j.JMeter: Available Processors =8
2025-03-14 21:16:52,153 INFO o.a.j.JMeter: Default Locale=English (EN)
2025-03-14 21:16:52,153 INFO o.a.j.JMeter: JMeter  Locale=English (EN)
2025-03-14 21:16:52,153 INFO o.a.j.JMeter: JMeterHome=/opt/homebrew/Cellar/jmeter/5.6.3/libexec
2025-03-14 21:16:52,153 INFO o.a.j.JMeter: user.dir  =/Users/syarnasavitri/IdeaProjects/exercise-profiling
2025-03-14 21:16:52,153 INFO o.a.j.JMeter: PWD       =/Users/syarnasavitri/IdeaProjects/exercise-profiling
2025-03-14 21:16:52,165 INFO o.a.j.JMeter: IP: 192.168.1.3 Name: syarnas-mbp FullName: syarnas-mbp
2025-03-14 21:16:52,174 INFO o.a.j.s.FileServer: Default base='/Users/syarnasavitri/IdeaProjects/exercise-profiling'
2025-03-14 21:16:52,176 INFO o.a.j.s.FileServer: Set new base='/Users/syarnasavitri/IdeaProjects/exercise-profiling'
2025-03-14 21:16:52,271 INFO o.a.j.s.SaveService: Testplan (JMX) version: 2.2. Testlog (JTL) version: 2.2
2025-03-14 21:16:52,300 INFO o.a.j.s.SaveService: Using SaveService properties version 5.0
2025-03-14 21:16:52,302 INFO o.a.j.s.SaveService: Using SaveService properties file encoding UTF-8
2025-03-14 21:16:52,303 INFO o.a.j.s.SaveService: Loading file: test_plan_3.jmx
2025-03-14 21:16:52,344 INFO o.a.j.p.h.s.HTTPSamplerBase: Parser for text/html is org.apache.jmeter.protocol.http.parser.LagartoBasedHtmlParser
2025-03-14 21:16:52,344 INFO o.a.j.p.h.s.HTTPSamplerBase: Parser for application/xhtml+xml is org.apache.jmeter.protocol.http.parser.LagartoBasedHtmlParser
2025-03-14 21:16:52,344 INFO o.a.j.p.h.s.HTTPSamplerBase: Parser for application/xml is org.apache.jmeter.protocol.http.parser.LagartoBasedHtmlParser
2025-03-14 21:16:52,344 INFO o.a.j.p.h.s.HTTPSamplerBase: Parser for text/xml is org.apache.jmeter.protocol.http.parser.LagartoBasedHtmlParser
2025-03-14 21:16:52,344 INFO o.a.j.p.h.s.HTTPSamplerBase: Parser for text/vnd.wap.wml is org.apache.jmeter.protocol.http.parser.RegexpHTMLParser
2025-03-14 21:16:52,344 INFO o.a.j.p.h.s.HTTPSamplerBase: Parser for text/css is org.apache.jmeter.protocol.http.parser.CssParser
2025-03-14 21:16:52,359 INFO o.a.j.JMeter: Creating summariser <summary>
2025-03-14 21:16:52,366 INFO o.a.j.e.StandardJMeterEngine: Running the test!
2025-03-14 21:16:52,367 INFO o.a.j.s.SampleEvent: List of sample_variables: []
2025-03-14 21:16:52,367 INFO o.a.j.s.SampleEvent: List of sample_variables: []
2025-03-14 21:16:52,369 INFO o.a.j.e.u.CompoundVariable: Note: Function class names must contain the string: '.functions.'
2025-03-14 21:16:52,369 INFO o.a.j.e.u.CompoundVariable: Note: Function class names must not contain the string: '.gui.'
2025-03-14 21:16:52,402 INFO o.a.j.r.ClassFinder: Will scan jar /opt/homebrew/Cellar/jmeter/5.6.3/libexec/lib/ext/jmeter-plugins-manager-1.9.jar with filter ExtendsClassFilter [parents=[interface org.apache.jmeter.functions.Function], inner=false, contains=null, notContains=null]. Consider exposing JMeter plugins via META-INF/services, and add JMeter-Skip-Class-Scanning=true manifest attribute so JMeter can skip classfile scanning
2025-03-14 21:16:52,455 INFO o.a.j.JMeter: Running test (1741961812455)
2025-03-14 21:16:52,465 INFO o.a.j.e.StandardJMeterEngine: Starting ThreadGroup: 1 : Thread Group 3
2025-03-14 21:16:52,465 INFO o.a.j.e.StandardJMeterEngine: Starting 10 threads for group Thread Group 3.
2025-03-14 21:16:52,465 INFO o.a.j.e.StandardJMeterEngine: Thread will continue on error
2025-03-14 21:16:52,465 INFO o.a.j.t.ThreadGroup: Starting thread group... number=1 threads=10 ramp-up=1 delayedStart=false
2025-03-14 21:16:52,468 INFO o.a.j.t.JMeterThread: Thread started: Thread Group 3 1-1
2025-03-14 21:16:52,469 INFO o.a.j.t.ThreadGroup: Started thread group number 1
2025-03-14 21:16:52,469 INFO o.a.j.e.StandardJMeterEngine: All thread groups have been started
2025-03-14 21:16:52,478 INFO o.a.j.p.h.s.HTTPHCAbstractImpl: Local host = syarnas-mbp
2025-03-14 21:16:52,482 INFO o.a.j.p.h.s.HTTPHC4Impl: HTTP request retry count = 0
2025-03-14 21:16:52,482 INFO o.a.j.s.SampleResult: Note: Sample TimeStamps are START times
2025-03-14 21:16:52,482 INFO o.a.j.s.SampleResult: sampleresult.default.encoding is set to UTF-8
2025-03-14 21:16:52,482 INFO o.a.j.s.SampleResult: sampleresult.useNanoTime=true
2025-03-14 21:16:52,482 INFO o.a.j.s.SampleResult: sampleresult.nanoThreadSleep=5000
2025-03-14 21:16:52,571 INFO o.a.j.t.JMeterThread: Thread started: Thread Group 3 1-2
2025-03-14 21:16:52,632 INFO o.a.j.t.JMeterThread: Thread is done: Thread Group 3 1-1
2025-03-14 21:16:52,633 INFO o.a.j.t.JMeterThread: Thread finished: Thread Group 3 1-1
2025-03-14 21:16:52,642 INFO o.a.j.t.JMeterThread: Thread is done: Thread Group 3 1-2
2025-03-14 21:16:52,642 INFO o.a.j.t.JMeterThread: Thread finished: Thread Group 3 1-2
2025-03-14 21:16:52,671 INFO o.a.j.t.JMeterThread: Thread started: Thread Group 3 1-3
2025-03-14 21:16:52,746 INFO o.a.j.t.JMeterThread: Thread is done: Thread Group 3 1-3
2025-03-14 21:16:52,746 INFO o.a.j.t.JMeterThread: Thread finished: Thread Group 3 1-3
2025-03-14 21:16:52,767 INFO o.a.j.t.JMeterThread: Thread started: Thread Group 3 1-4
2025-03-14 21:16:52,845 INFO o.a.j.t.JMeterThread: Thread is done: Thread Group 3 1-4
2025-03-14 21:16:52,846 INFO o.a.j.t.JMeterThread: Thread finished: Thread Group 3 1-4
2025-03-14 21:16:52,868 INFO o.a.j.t.JMeterThread: Thread started: Thread Group 3 1-5
2025-03-14 21:16:52,944 INFO o.a.j.t.JMeterThread: Thread is done: Thread Group 3 1-5
2025-03-14 21:16:52,944 INFO o.a.j.t.JMeterThread: Thread finished: Thread Group 3 1-5
2025-03-14 21:16:52,967 INFO o.a.j.t.JMeterThread: Thread started: Thread Group 3 1-6
2025-03-14 21:16:53,040 INFO o.a.j.t.JMeterThread: Thread is done: Thread Group 3 1-6
2025-03-14 21:16:53,040 INFO o.a.j.t.JMeterThread: Thread finished: Thread Group 3 1-6
2025-03-14 21:16:53,070 INFO o.a.j.t.JMeterThread: Thread started: Thread Group 3 1-7
2025-03-14 21:16:53,144 INFO o.a.j.t.JMeterThread: Thread is done: Thread Group 3 1-7
2025-03-14 21:16:53,144 INFO o.a.j.t.JMeterThread: Thread finished: Thread Group 3 1-7
2025-03-14 21:16:53,170 INFO o.a.j.t.JMeterThread: Thread started: Thread Group 3 1-8
2025-03-14 21:16:53,253 INFO o.a.j.t.JMeterThread: Thread is done: Thread Group 3 1-8
2025-03-14 21:16:53,253 INFO o.a.j.t.JMeterThread: Thread finished: Thread Group 3 1-8
2025-03-14 21:16:53,271 INFO o.a.j.t.JMeterThread: Thread started: Thread Group 3 1-9
2025-03-14 21:16:53,354 INFO o.a.j.t.JMeterThread: Thread is done: Thread Group 3 1-9
2025-03-14 21:16:53,354 INFO o.a.j.t.JMeterThread: Thread finished: Thread Group 3 1-9
2025-03-14 21:16:53,370 INFO o.a.j.t.JMeterThread: Thread started: Thread Group 3 1-10
2025-03-14 21:16:53,445 INFO o.a.j.t.JMeterThread: Thread is done: Thread Group 3 1-10
2025-03-14 21:16:53,445 INFO o.a.j.t.JMeterThread: Thread finished: Thread Group 3 1-10
2025-03-14 21:16:53,445 INFO o.a.j.e.StandardJMeterEngine: Notifying test listeners of end of test
2025-03-14 21:16:53,446 INFO o.a.j.r.Summariser: summary =     10 in 00:00:01 =   10.1/s Avg:    79 Min:    69 Max:   116 Err:     0 (0.00%)
